<?xml version="1.0" encoding="UTF-8"?>
<testsuite name="com.ykcho.base.config.DatasourceConfigTest" tests="1" skipped="0" failures="0" errors="0" timestamp="2022-07-21T07:47:43" hostname="yoonkichoui-MacBookPro.local" time="0.127">
  <properties/>
  <testcase name="testConnection()" classname="com.ykcho.base.config.DatasourceConfigTest" time="0.127"/>
  <system-out><![CDATA[16:47:33.823 [Test worker] DEBUG org.springframework.test.context.BootstrapUtils - Instantiating CacheAwareContextLoaderDelegate from class [org.springframework.test.context.cache.DefaultCacheAwareContextLoaderDelegate]
16:47:33.834 [Test worker] DEBUG org.springframework.test.context.BootstrapUtils - Instantiating BootstrapContext using constructor [public org.springframework.test.context.support.DefaultBootstrapContext(java.lang.Class,org.springframework.test.context.CacheAwareContextLoaderDelegate)]
16:47:33.863 [Test worker] DEBUG org.springframework.test.context.BootstrapUtils - Instantiating TestContextBootstrapper for test class [com.ykcho.base.config.DatasourceConfigTest] from class [org.springframework.boot.test.context.SpringBootTestContextBootstrapper]
16:47:33.875 [Test worker] INFO org.springframework.boot.test.context.SpringBootTestContextBootstrapper - Neither @ContextConfiguration nor @ContextHierarchy found for test class [com.ykcho.base.config.DatasourceConfigTest], using SpringBootContextLoader
16:47:33.879 [Test worker] DEBUG org.springframework.test.context.support.AbstractContextLoader - Did not detect default resource location for test class [com.ykcho.base.config.DatasourceConfigTest]: class path resource [com/ykcho/base/config/DatasourceConfigTest-context.xml] does not exist
16:47:33.879 [Test worker] DEBUG org.springframework.test.context.support.AbstractContextLoader - Did not detect default resource location for test class [com.ykcho.base.config.DatasourceConfigTest]: class path resource [com/ykcho/base/config/DatasourceConfigTestContext.groovy] does not exist
16:47:33.879 [Test worker] INFO org.springframework.test.context.support.AbstractContextLoader - Could not detect default resource locations for test class [com.ykcho.base.config.DatasourceConfigTest]: no resource found for suffixes {-context.xml, Context.groovy}.
16:47:33.880 [Test worker] INFO org.springframework.test.context.support.AnnotationConfigContextLoaderUtils - Could not detect default configuration classes for test class [com.ykcho.base.config.DatasourceConfigTest]: DatasourceConfigTest does not declare any static, non-private, non-final, nested classes annotated with @Configuration.
16:47:33.945 [Test worker] DEBUG org.springframework.test.context.support.ActiveProfilesUtils - Could not find an 'annotation declaring class' for annotation type [org.springframework.test.context.ActiveProfiles] and class [com.ykcho.base.config.DatasourceConfigTest]
16:47:34.011 [Test worker] DEBUG org.springframework.context.annotation.ClassPathScanningCandidateComponentProvider - Identified candidate component class: file [/Users/yoonki.cho/git/base/build/classes/java/main/com/ykcho/base/BaseApplication.class]
16:47:34.012 [Test worker] INFO org.springframework.boot.test.context.SpringBootTestContextBootstrapper - Found @SpringBootConfiguration com.ykcho.base.BaseApplication for test class com.ykcho.base.config.DatasourceConfigTest
16:47:34.122 [Test worker] DEBUG org.springframework.boot.test.context.SpringBootTestContextBootstrapper - @TestExecutionListeners is not present for class [com.ykcho.base.config.DatasourceConfigTest]: using defaults.
16:47:34.122 [Test worker] INFO org.springframework.boot.test.context.SpringBootTestContextBootstrapper - Loaded default TestExecutionListener class names from location [META-INF/spring.factories]: [org.springframework.boot.test.autoconfigure.restdocs.RestDocsTestExecutionListener, org.springframework.boot.test.autoconfigure.web.client.MockRestServiceServerResetTestExecutionListener, org.springframework.boot.test.autoconfigure.web.servlet.MockMvcPrintOnlyOnFailureTestExecutionListener, org.springframework.boot.test.autoconfigure.web.servlet.WebDriverTestExecutionListener, org.springframework.boot.test.autoconfigure.webservices.client.MockWebServiceServerTestExecutionListener, org.springframework.boot.test.mock.mockito.MockitoTestExecutionListener, org.springframework.boot.test.mock.mockito.ResetMocksTestExecutionListener, org.springframework.test.context.web.ServletTestExecutionListener, org.springframework.test.context.support.DirtiesContextBeforeModesTestExecutionListener, org.springframework.test.context.event.ApplicationEventsTestExecutionListener, org.springframework.test.context.support.DependencyInjectionTestExecutionListener, org.springframework.test.context.support.DirtiesContextTestExecutionListener, org.springframework.test.context.transaction.TransactionalTestExecutionListener, org.springframework.test.context.jdbc.SqlScriptsTestExecutionListener, org.springframework.test.context.event.EventPublishingTestExecutionListener]
16:47:34.143 [Test worker] INFO org.springframework.boot.test.context.SpringBootTestContextBootstrapper - Using TestExecutionListeners: [org.springframework.test.context.web.ServletTestExecutionListener@66eb985d, org.springframework.test.context.support.DirtiesContextBeforeModesTestExecutionListener@6a9287b1, org.springframework.test.context.event.ApplicationEventsTestExecutionListener@75504cef, org.springframework.boot.test.mock.mockito.MockitoTestExecutionListener@6c8a68c1, org.springframework.boot.test.autoconfigure.SpringBootDependencyInjectionTestExecutionListener@56193c7d, org.springframework.test.context.support.DirtiesContextTestExecutionListener@28c88600, org.springframework.test.context.transaction.TransactionalTestExecutionListener@5f8890c2, org.springframework.test.context.jdbc.SqlScriptsTestExecutionListener@607b2792, org.springframework.test.context.event.EventPublishingTestExecutionListener@7f9e1534, org.springframework.boot.test.autoconfigure.restdocs.RestDocsTestExecutionListener@138a7441, org.springframework.boot.test.autoconfigure.web.client.MockRestServiceServerResetTestExecutionListener@81ff872, org.springframework.boot.test.autoconfigure.web.servlet.MockMvcPrintOnlyOnFailureTestExecutionListener@31611954, org.springframework.boot.test.autoconfigure.web.servlet.WebDriverTestExecutionListener@3e598df9, org.springframework.boot.test.autoconfigure.webservices.client.MockWebServiceServerTestExecutionListener@7e31ce0f, org.springframework.boot.test.mock.mockito.ResetMocksTestExecutionListener@99a65d3]
16:47:34.146 [Test worker] DEBUG org.springframework.test.context.support.AbstractDirtiesContextTestExecutionListener - Before test class: context [DefaultTestContext@7882c44a testClass = DatasourceConfigTest, testInstance = [null], testMethod = [null], testException = [null], mergedContextConfiguration = [WebMergedContextConfiguration@32639b12 testClass = DatasourceConfigTest, locations = '{}', classes = '{class com.ykcho.base.BaseApplication}', contextInitializerClasses = '[]', activeProfiles = '{}', propertySourceLocations = '{}', propertySourceProperties = '{org.springframework.boot.test.context.SpringBootTestContextBootstrapper=true}', contextCustomizers = set[org.springframework.boot.test.autoconfigure.actuate.metrics.MetricsExportContextCustomizerFactory$DisableMetricExportContextCustomizer@660e9100, org.springframework.boot.test.autoconfigure.properties.PropertyMappingContextCustomizer@0, org.springframework.boot.test.autoconfigure.web.servlet.WebDriverContextCustomizerFactory$Customizer@6bc248ed, org.springframework.boot.test.context.filter.ExcludeFilterContextCustomizer@70ab80e3, org.springframework.boot.test.json.DuplicateJsonObjectContextCustomizerFactory$DuplicateJsonObjectContextCustomizer@64f857e7, org.springframework.boot.test.mock.mockito.MockitoContextCustomizer@0, org.springframework.boot.test.web.client.TestRestTemplateContextCustomizer@3a4b0e5d, org.springframework.boot.test.context.SpringBootTestArgs@1, org.springframework.boot.test.context.SpringBootTestWebEnvironment@34b7ac2f], resourceBasePath = 'src/main/webapp', contextLoader = 'org.springframework.boot.test.context.SpringBootContextLoader', parent = [null]], attributes = map['org.springframework.test.context.web.ServletTestExecutionListener.activateListener' -> true]], class annotated with @DirtiesContext [false] with mode [null].

  .   ____          _            __ _ _
 /\\ / ___'_ __ _ _(_)_ __  __ _ \ \ \ \
( ( )\___ | '_ | '_| | '_ \/ _` | \ \ \ \
 \\/  ___)| |_)| | | | | || (_| |  ) ) ) )
  '  |____| .__|_| |_|_| |_\__, | / / / /
 =========|_|==============|___/=/_/_/_/
 :: Spring Boot ::                (v2.7.1)

2022-07-21 16:47:34.633  INFO 34321 --- [    Test worker] c.y.base.config.DatasourceConfigTest     : Starting DatasourceConfigTest using Java 1.8.0_271 on yoonkichoui-MacBookPro.local with PID 34321 (started by yoonki.cho in /Users/yoonki.cho/git/base)
2022-07-21 16:47:34.634  INFO 34321 --- [    Test worker] c.y.base.config.DatasourceConfigTest     : No active profile set, falling back to 1 default profile: "default"
2022-07-21 16:47:35.409  INFO 34321 --- [    Test worker] .s.d.r.c.RepositoryConfigurationDelegate : Bootstrapping Spring Data JPA repositories in DEFAULT mode.
2022-07-21 16:47:35.455  INFO 34321 --- [    Test worker] .s.d.r.c.RepositoryConfigurationDelegate : Finished Spring Data repository scanning in 37 ms. Found 1 JPA repository interfaces.
2022-07-21 16:47:36.064  INFO 34321 --- [    Test worker] o.hibernate.jpa.internal.util.LogHelper  : HHH000204: Processing PersistenceUnitInfo [name: default]
2022-07-21 16:47:36.138  INFO 34321 --- [    Test worker] org.hibernate.Version                    : HHH000412: Hibernate ORM core version 5.6.9.Final
2022-07-21 16:47:36.175  INFO 34321 --- [    Test worker] o.hibernate.annotations.common.Version   : HCANN000001: Hibernate Commons Annotations {5.1.2.Final}
2022-07-21 16:47:36.268  INFO 34321 --- [    Test worker] com.zaxxer.hikari.HikariDataSource       : pool-jiniworld - Starting...
2022-07-21 16:47:36.946  INFO 34321 --- [    Test worker] com.zaxxer.hikari.HikariDataSource       : pool-jiniworld - Start completed.
2022-07-21 16:47:36.970  INFO 34321 --- [    Test worker] org.hibernate.dialect.Dialect            : HHH000400: Using dialect: org.hibernate.dialect.MySQL5InnoDBDialect
2022-07-21 16:47:37.612  INFO 34321 --- [    Test worker] org.hibernate.orm.connections.access     : HHH10001501: Connection obtained from JdbcConnectionAccess [org.hibernate.engine.jdbc.env.internal.JdbcEnvironmentInitiator$ConnectionProviderJdbcConnectionAccess@7d95166a] for (non-JTA) DDL execution was not in auto-commit mode; the Connection 'local transaction' will be committed and the Connection will be set into auto-commit mode.
2022-07-21 16:47:41.452  INFO 34321 --- [    Test worker] o.h.e.t.j.p.i.JtaPlatformInitiator       : HHH000490: Using JtaPlatform implementation: [org.hibernate.engine.transaction.jta.platform.internal.NoJtaPlatform]
2022-07-21 16:47:41.463  INFO 34321 --- [    Test worker] j.LocalContainerEntityManagerFactoryBean : Initialized JPA EntityManagerFactory for persistence unit 'default'
2022-07-21 16:47:43.175  INFO 34321 --- [    Test worker] c.y.base.config.DatasourceConfigTest     : Started DatasourceConfigTest in 8.988 seconds (JVM running for 11.09)
]]></system-out>
  <system-err><![CDATA[]]></system-err>
</testsuite>
