<?xml version="1.0" encoding="UTF-8"?>
<testsuite name="com.ykcho.base.BaseApplicationTests" tests="1" skipped="0" failures="0" errors="0" timestamp="2022-07-21T07:47:33" hostname="yoonkichoui-MacBookPro.local" time="0.642">
  <properties/>
  <testcase name="contextLoads()" classname="com.ykcho.base.BaseApplicationTests" time="0.642"/>
  <system-out><![CDATA[]]></system-out>
  <system-err><![CDATA[]]></system-err>
</testsuite>
