<?xml version="1.0" encoding="UTF-8"?>
<testsuite name="com.ykcho.base.common.constants.ResultCodeTest" tests="4" skipped="0" failures="0" errors="0" timestamp="2022-07-21T07:47:33" hostname="yoonkichoui-MacBookPro.local" time="0.008">
  <properties/>
  <testcase name="values()" classname="com.ykcho.base.common.constants.ResultCodeTest" time="0.003"/>
  <testcase name="getCode()" classname="com.ykcho.base.common.constants.ResultCodeTest" time="0.001"/>
  <testcase name="valueOf()" classname="com.ykcho.base.common.constants.ResultCodeTest" time="0.001"/>
  <testcase name="getDescription()" classname="com.ykcho.base.common.constants.ResultCodeTest" time="0.001"/>
  <system-out><![CDATA[]]></system-out>
  <system-err><![CDATA[]]></system-err>
</testsuite>
